
   INFO  Server running on [http://127.0.0.1:8000].  

  Press Ctrl+C to stop the server

  2026-04-30 20:01:50 / .................................................................................. ~ 511.35ms
  2026-04-30 20:03:38 / .................................................................................... ~ 0.18ms
  2026-04-30 20:03:38 /livewire/livewire.js .............................................................. ~ 510.49ms
  2026-04-30 20:03:38 /build/assets/app-lsSBwfU-.css ..................................................... ~ 511.15ms
  2026-04-30 20:03:38 /build/assets/app-taXXq4rK.js ...................................................... ~ 511.64ms
  2026-04-30 20:03:39 /favicon.ico ......................................................................... ~ 0.14ms
  2026-04-30 20:03:40 /login ............................................................................. ~ 514.37ms
  2026-04-30 20:03:41 /tallstackui/script/tallstackui-clipboard-DuE-BsLA.js ................................ ~ 0.03ms
  2026-04-30 20:03:41 /tallstackui/script/tallstackui-date-BooYpD7D.js ..................................... ~ 0.03ms
  2026-04-30 20:03:41 /tallstackui/script/tallstackui-select-B1VVmQiD.js ................................. ~ 510.63ms
  2026-04-30 20:03:41 /tallstackui/script/tallstackui-tooltip-i8XYJEm7.js ................................ ~ 510.78ms
  2026-04-30 20:03:41 /tallstackui/style/tallstackui-tooltip-BHH8rdGj.css .................................. ~ 0.46ms
  2026-04-30 20:03:41 /tallstackui/script/tallstackui-B02B2kg2.js ........................................ ~ 510.02ms
  2026-04-30 20:03:42 /tallstackui/script/_commonjsHelpers-CE1G-McA.js ..................................... ~ 0.17ms
  2026-04-30 20:03:42 /tallstackui/script/helpers-PxZpGeM-.js .............................................. ~ 0.61ms
  2026-04-30 20:03:42 /build/assets/app-lsSBwfU-.css ..................................................... ~ 511.83ms
  2026-04-30 20:03:42 /build/assets/app-taXXq4rK.js ........................................................ ~ 1.78ms
  2026-04-30 20:03:42 /favicon.ico ......................................................................... ~ 0.11ms

   INFO  Environment modified. Restarting server...  

   INFO  Server running on [http://127.0.0.1:8000].  

  Press Ctrl+C to stop the server

  2026-04-30 22:42:49 / ........................................................................................ ~ 1s
  2026-04-30 22:42:50 /_ignition/health-check ............................................................ ~ 505.77ms
  2026-04-30 22:42:51 /favicon.ico ......................................................................... ~ 0.15ms

   INFO  Environment modified. Restarting server...  

   INFO  Server running on [http://127.0.0.1:8000].  

  Press Ctrl+C to stop the server

  2026-04-30 22:43:09 / .................................................................................. ~ 501.05ms
  2026-04-30 22:43:11 /favicon.ico ......................................................................... ~ 0.10ms

   INFO  Environment modified. Restarting server...  

   INFO  Server running on [http://127.0.0.1:8000].  

  Press Ctrl+C to stop the server

  2026-04-30 22:54:31 / ........................................................................................ ~ 1s

   INFO  Environment modified. Restarting server...  

   INFO  Server running on [http://127.0.0.1:8000].  

  Press Ctrl+C to stop the server

  2026-04-30 22:56:04 / ........................................................................................ ~ 1s
  2026-04-30 22:58:37 / .................................................................................. ~ 512.13ms
  2026-04-30 22:58:37 /build/assets/app-lsSBwfU-.css ....................................................... ~ 0.05ms
  2026-04-30 22:58:37 /build/assets/app-taXXq4rK.js ........................................................ ~ 0.54ms
  2026-04-30 22:58:38 /favicon.ico ......................................................................... ~ 0.12ms
  2026-04-30 22:58:39 /login ............................................................................... ~ 0.08ms
  2026-04-30 22:58:40 /tallstackui/script/tallstackui-clipboard-DuE-BsLA.js ................................ ~ 0.04ms
  2026-04-30 22:58:40 /tallstackui/script/tallstackui-date-BooYpD7D.js ................................... ~ 509.98ms
  2026-04-30 22:58:40 /tallstackui/script/tallstackui-select-B1VVmQiD.js ................................. ~ 510.06ms
  2026-04-30 22:58:40 /tallstackui/style/tallstackui-tooltip-BHH8rdGj.css .................................. ~ 0.33ms
  2026-04-30 22:58:40 /tallstackui/script/tallstackui-tooltip-i8XYJEm7.js ................................ ~ 506.36ms
  2026-04-30 22:58:40 /tallstackui/script/tallstackui-B02B2kg2.js ........................................ ~ 506.48ms
  2026-04-30 22:58:41 /tallstackui/script/_commonjsHelpers-CE1G-McA.js ..................................... ~ 0.07ms
  2026-04-30 22:58:41 /tallstackui/script/helpers-PxZpGeM-.js ............................................ ~ 511.08ms
  2026-04-30 22:58:41 /build/assets/app-lsSBwfU-.css ..................................................... ~ 512.16ms
  2026-04-30 22:58:41 /build/assets/app-taXXq4rK.js ...................................................... ~ 511.42ms
  2026-04-30 22:58:41 /favicon.ico ......................................................................... ~ 0.03ms
  2026-04-30 23:01:01 / .................................................................................... ~ 0.10ms
  2026-04-30 23:01:01 /build/assets/app-taXXq4rK.js ........................................................ ~ 0.09ms
  2026-04-30 23:01:01 /build/assets/app-lsSBwfU-.css ....................................................... ~ 0.64ms
  2026-04-30 23:01:02 /favicon.ico ......................................................................... ~ 0.08ms
